Terminals unused in grammar

   tTAB
   tDOLLAR
   tSTRING


Rules useless in parser due to conflicts

   59 $@11: %empty


State 24 conflicts: 1 reduce/reduce
State 44 conflicts: 3 reduce/reduce
State 74 conflicts: 1 reduce/reduce


Grammar

    0 $accept: Main $end

    1 Main: DeclFunction tMAIN tPO tPC Body

    2 $@1: %empty

    3 DeclFunction: vartype tVAR $@1 tPO Params tPC FuncBody tFINSTR
    4             | %empty

    5 Params: Param NextParam
    6       | %empty

    7 NextParam: tVIRGULE Param
    8          | %empty

    9 Param: vartype tVAR

   10 FuncBody: tACO FuncInstr tACC

   11 FuncInstr: FuncInstrs FuncInstr
   12          | FuncInstrs
   13          | %empty

   14 FuncInstrs: Calcul
   15           | For
   16           | Declaration
   17           | If
   18           | RetVal

   19 RetVal: tRETURN Expression tFINSTR

   20 Body: tACO Instruction tACC

   21 Instruction: Instructions Instruction
   22            | Instructions
   23            | %empty

   24 Instructions: Calcul
   25             | For
   26             | While
   27             | Print
   28             | Declaration
   29             | If

   30 Declaration: vartype Declarations tFINSTR

   31 Declarations: Multideclaration Declarations
   32             | Lastdeclaration

   33 Multideclaration: tVAR tVIRGULE
   34                 | tVAR tEQUAL tINTNR tVIRGULE

   35 Lastdeclaration: tVAR
   36                | tVAR tEQUAL tINTNR

   37 vartype: tINT
   38        | tCONST

   39 Print: tPRINTF tPO tVAR tPC tFINSTR

   40 $@2: %empty

   41 $@3: %empty

   42 $@4: %empty

   43 If: tIF $@2 tPO Condition tPC $@3 Body $@4 Else

   44 Else: tELSE Body
   45     | %empty

   46 Condition: Expression tCHECKEQ Expression
   47          | Expression tLESS Expression
   48          | Expression tCHECKHIGHER Expression
   49          | Expression tLESSEQUAL Expression
   50          | Expression tMOREEQUAL Expression

   51 $@5: %empty

   52 $@6: %empty

   53 While: tWHILE $@5 tPO Condition tPC $@6 Body

   54 $@7: %empty

   55 $@8: %empty

   56 $@9: %empty

   57 $@10: %empty

   58 For: tFOR tPO $@7 DeclCalc $@8 Condition tFINSTR $@9 tVAR tPLUSPLUS tPC $@10 Body

   59 $@11: %empty

   60 $@12: %empty

   61 $@13: %empty

   62 $@14: %empty

   63 For: tFOR tPO $@11 DeclCalc $@12 Condition tFINSTR $@13 tVAR tMINUSMINUS tPC $@14 Body

   64 DeclCalc: Declaration
   65         | Calcul

   66 Calcul: tVAR tEQUAL Expression tFINSTR
   67       | tVAR tEQUAL tSUBTRACT Expression tFINSTR
   68       | tVAR tPLUSPLUS tFINSTR
   69       | tVAR tMINUSMINUS tFINSTR
   70       | tVAR tMINUSEQUAL Expression tFINSTR
   71       | tVAR tPLUSEQUAL Expression tFINSTR

   72 Expression: Expression tADD Expression
   73           | Expression tSUBTRACT Expression
   74           | Expression tDIVIDE Expression
   75           | Expression tMULTIPLY Expression
   76           | tVAR
   77           | tINTNR
   78           | tPO tSUBTRACT tINTNR tPC
   79           | tPO Expression tPC


Terminals, with rules where they appear

$end (0) 0
error (256)
tINT (258) 37
tACO (259) 10 20
tACC (260) 10 20
tCONST (261) 38
tADD (262) 72
tSUBTRACT (263) 67 73 78
tDIVIDE (264) 74
tMULTIPLY (265) 75
tEQUAL (266) 34 36 66 67
tPLUSPLUS (267) 58 68
tMINUSMINUS (268) 63 69
tIF (269) 43
tELSE (270) 44
tCHECKEQ (271) 46
tPO (272) 1 3 39 43 53 58 63 78 79
tPC (273) 1 3 39 43 53 58 63 78 79
tTAB (274)
tVIRGULE (275) 7 33 34
tDOLLAR (276)
tFINSTR (277) 3 19 30 39 58 63 66 67 68 69 70 71
tINTNR (278) 34 36 77 78
tWHILE (279) 53
tPRINTF (280) 39
tMAIN (281) 1
tVAR (282) 3 9 33 34 35 36 39 58 63 66 67 68 69 70 71 76
tFOR (283) 58 63
tSTRING (284)
tCHECKHIGHER (285) 48
tLESS (286) 47
tLESSEQUAL (287) 49
tMOREEQUAL (288) 50
tMINUSEQUAL (289) 70
tPLUSEQUAL (290) 71
tRETURN (291) 19


Nonterminals, with rules where they appear

$accept (37)
    on left: 0
Main (38)
    on left: 1, on right: 0
DeclFunction (39)
    on left: 3 4, on right: 1
$@1 (40)
    on left: 2, on right: 3
Params (41)
    on left: 5 6, on right: 3
NextParam (42)
    on left: 7 8, on right: 5
Param (43)
    on left: 9, on right: 5 7
FuncBody (44)
    on left: 10, on right: 3
FuncInstr (45)
    on left: 11 12 13, on right: 10 11
FuncInstrs (46)
    on left: 14 15 16 17 18, on right: 11 12
RetVal (47)
    on left: 19, on right: 18
Body (48)
    on left: 20, on right: 1 43 44 53 58 63
Instruction (49)
    on left: 21 22 23, on right: 20 21
Instructions (50)
    on left: 24 25 26 27 28 29, on right: 21 22
Declaration (51)
    on left: 30, on right: 16 28 64
Declarations (52)
    on left: 31 32, on right: 30 31
Multideclaration (53)
    on left: 33 34, on right: 31
Lastdeclaration (54)
    on left: 35 36, on right: 32
vartype (55)
    on left: 37 38, on right: 3 9 30
Print (56)
    on left: 39, on right: 27
If (57)
    on left: 43, on right: 17 29
$@2 (58)
    on left: 40, on right: 43
$@3 (59)
    on left: 41, on right: 43
$@4 (60)
    on left: 42, on right: 43
Else (61)
    on left: 44 45, on right: 43
Condition (62)
    on left: 46 47 48 49 50, on right: 43 53 58 63
While (63)
    on left: 53, on right: 26
$@5 (64)
    on left: 51, on right: 53
$@6 (65)
    on left: 52, on right: 53
For (66)
    on left: 58 63, on right: 15 25
$@7 (67)
    on left: 54, on right: 58
$@8 (68)
    on left: 55, on right: 58
$@9 (69)
    on left: 56, on right: 58
$@10 (70)
    on left: 57, on right: 58
$@11 (71)
    on left: 59, on right: 63
$@12 (72)
    on left: 60, on right: 63
$@13 (73)
    on left: 61, on right: 63
$@14 (74)
    on left: 62, on right: 63
DeclCalc (75)
    on left: 64 65, on right: 58 63
Calcul (76)
    on left: 66 67 68 69 70 71, on right: 14 24 65
Expression (77)
    on left: 72 73 74 75 76 77 78 79, on right: 19 46 47 48 49 50 66
    67 70 71 72 73 74 75 79


State 0

    0 $accept: . Main $end

    tINT    shift, and go to state 1
    tCONST  shift, and go to state 2

    $default  reduce using rule 4 (DeclFunction)

    Main          go to state 3
    DeclFunction  go to state 4
    vartype       go to state 5


State 1

   37 vartype: tINT .

    $default  reduce using rule 37 (vartype)


State 2

   38 vartype: tCONST .

    $default  reduce using rule 38 (vartype)


State 3

    0 $accept: Main . $end

    $end  shift, and go to state 6


State 4

    1 Main: DeclFunction . tMAIN tPO tPC Body

    tMAIN  shift, and go to state 7


State 5

    3 DeclFunction: vartype . tVAR $@1 tPO Params tPC FuncBody tFINSTR

    tVAR  shift, and go to state 8


State 6

    0 $accept: Main $end .

    $default  accept


State 7

    1 Main: DeclFunction tMAIN . tPO tPC Body

    tPO  shift, and go to state 9


State 8

    3 DeclFunction: vartype tVAR . $@1 tPO Params tPC FuncBody tFINSTR

    $default  reduce using rule 2 ($@1)

    $@1  go to state 10


State 9

    1 Main: DeclFunction tMAIN tPO . tPC Body

    tPC  shift, and go to state 11


State 10

    3 DeclFunction: vartype tVAR $@1 . tPO Params tPC FuncBody tFINSTR

    tPO  shift, and go to state 12


State 11

    1 Main: DeclFunction tMAIN tPO tPC . Body

    tACO  shift, and go to state 13

    Body  go to state 14


State 12

    3 DeclFunction: vartype tVAR $@1 tPO . Params tPC FuncBody tFINSTR

    tINT    shift, and go to state 1
    tCONST  shift, and go to state 2

    $default  reduce using rule 6 (Params)

    Params   go to state 15
    Param    go to state 16
    vartype  go to state 17


State 13

   20 Body: tACO . Instruction tACC

    tINT     shift, and go to state 1
    tCONST   shift, and go to state 2
    tIF      shift, and go to state 18
    tWHILE   shift, and go to state 19
    tPRINTF  shift, and go to state 20
    tVAR     shift, and go to state 21
    tFOR     shift, and go to state 22

    $default  reduce using rule 23 (Instruction)

    Instruction   go to state 23
    Instructions  go to state 24
    Declaration   go to state 25
    vartype       go to state 26
    Print         go to state 27
    If            go to state 28
    While         go to state 29
    For           go to state 30
    Calcul        go to state 31


State 14

    1 Main: DeclFunction tMAIN tPO tPC Body .

    $default  reduce using rule 1 (Main)


State 15

    3 DeclFunction: vartype tVAR $@1 tPO Params . tPC FuncBody tFINSTR

    tPC  shift, and go to state 32


State 16

    5 Params: Param . NextParam

    tVIRGULE  shift, and go to state 33

    $default  reduce using rule 8 (NextParam)

    NextParam  go to state 34


State 17

    9 Param: vartype . tVAR

    tVAR  shift, and go to state 35


State 18

   43 If: tIF . $@2 tPO Condition tPC $@3 Body $@4 Else

    $default  reduce using rule 40 ($@2)

    $@2  go to state 36


State 19

   53 While: tWHILE . $@5 tPO Condition tPC $@6 Body

    $default  reduce using rule 51 ($@5)

    $@5  go to state 37


State 20

   39 Print: tPRINTF . tPO tVAR tPC tFINSTR

    tPO  shift, and go to state 38


State 21

   66 Calcul: tVAR . tEQUAL Expression tFINSTR
   67       | tVAR . tEQUAL tSUBTRACT Expression tFINSTR
   68       | tVAR . tPLUSPLUS tFINSTR
   69       | tVAR . tMINUSMINUS tFINSTR
   70       | tVAR . tMINUSEQUAL Expression tFINSTR
   71       | tVAR . tPLUSEQUAL Expression tFINSTR

    tEQUAL       shift, and go to state 39
    tPLUSPLUS    shift, and go to state 40
    tMINUSMINUS  shift, and go to state 41
    tMINUSEQUAL  shift, and go to state 42
    tPLUSEQUAL   shift, and go to state 43


State 22

   58 For: tFOR . tPO $@7 DeclCalc $@8 Condition tFINSTR $@9 tVAR tPLUSPLUS tPC $@10 Body
   63    | tFOR . tPO $@11 DeclCalc $@12 Condition tFINSTR $@13 tVAR tMINUSMINUS tPC $@14 Body

    tPO  shift, and go to state 44


State 23

   20 Body: tACO Instruction . tACC

    tACC  shift, and go to state 45


State 24

   21 Instruction: Instructions . Instruction
   22            | Instructions .

    tINT     shift, and go to state 1
    tCONST   shift, and go to state 2
    tIF      shift, and go to state 18
    tWHILE   shift, and go to state 19
    tPRINTF  shift, and go to state 20
    tVAR     shift, and go to state 21
    tFOR     shift, and go to state 22

    tACC      reduce using rule 22 (Instruction)
    tACC      [reduce using rule 23 (Instruction)]
    $default  reduce using rule 22 (Instruction)

    Instruction   go to state 46
    Instructions  go to state 24
    Declaration   go to state 25
    vartype       go to state 26
    Print         go to state 27
    If            go to state 28
    While         go to state 29
    For           go to state 30
    Calcul        go to state 31


State 25

   28 Instructions: Declaration .

    $default  reduce using rule 28 (Instructions)


State 26

   30 Declaration: vartype . Declarations tFINSTR

    tVAR  shift, and go to state 47

    Declarations      go to state 48
    Multideclaration  go to state 49
    Lastdeclaration   go to state 50


State 27

   27 Instructions: Print .

    $default  reduce using rule 27 (Instructions)


State 28

   29 Instructions: If .

    $default  reduce using rule 29 (Instructions)


State 29

   26 Instructions: While .

    $default  reduce using rule 26 (Instructions)


State 30

   25 Instructions: For .

    $default  reduce using rule 25 (Instructions)


State 31

   24 Instructions: Calcul .

    $default  reduce using rule 24 (Instructions)


State 32

    3 DeclFunction: vartype tVAR $@1 tPO Params tPC . FuncBody tFINSTR

    tACO  shift, and go to state 51

    FuncBody  go to state 52


State 33

    7 NextParam: tVIRGULE . Param

    tINT    shift, and go to state 1
    tCONST  shift, and go to state 2

    Param    go to state 53
    vartype  go to state 17


State 34

    5 Params: Param NextParam .

    $default  reduce using rule 5 (Params)


State 35

    9 Param: vartype tVAR .

    $default  reduce using rule 9 (Param)


State 36

   43 If: tIF $@2 . tPO Condition tPC $@3 Body $@4 Else

    tPO  shift, and go to state 54


State 37

   53 While: tWHILE $@5 . tPO Condition tPC $@6 Body

    tPO  shift, and go to state 55


State 38

   39 Print: tPRINTF tPO . tVAR tPC tFINSTR

    tVAR  shift, and go to state 56


State 39

   66 Calcul: tVAR tEQUAL . Expression tFINSTR
   67       | tVAR tEQUAL . tSUBTRACT Expression tFINSTR

    tSUBTRACT  shift, and go to state 57
    tPO        shift, and go to state 58
    tINTNR     shift, and go to state 59
    tVAR       shift, and go to state 60

    Expression  go to state 61


State 40

   68 Calcul: tVAR tPLUSPLUS . tFINSTR

    tFINSTR  shift, and go to state 62


State 41

   69 Calcul: tVAR tMINUSMINUS . tFINSTR

    tFINSTR  shift, and go to state 63


State 42

   70 Calcul: tVAR tMINUSEQUAL . Expression tFINSTR

    tPO     shift, and go to state 58
    tINTNR  shift, and go to state 59
    tVAR    shift, and go to state 60

    Expression  go to state 64


State 43

   71 Calcul: tVAR tPLUSEQUAL . Expression tFINSTR

    tPO     shift, and go to state 58
    tINTNR  shift, and go to state 59
    tVAR    shift, and go to state 60

    Expression  go to state 65


State 44

   58 For: tFOR tPO . $@7 DeclCalc $@8 Condition tFINSTR $@9 tVAR tPLUSPLUS tPC $@10 Body
   63    | tFOR tPO . $@11 DeclCalc $@12 Condition tFINSTR $@13 tVAR tMINUSMINUS tPC $@14 Body

    tINT      reduce using rule 54 ($@7)
    tINT      [reduce using rule 59 ($@11)]
    tCONST    reduce using rule 54 ($@7)
    tCONST    [reduce using rule 59 ($@11)]
    tVAR      reduce using rule 54 ($@7)
    tVAR      [reduce using rule 59 ($@11)]
    $default  reduce using rule 54 ($@7)

    $@7   go to state 66
    $@11  go to state 67


State 45

   20 Body: tACO Instruction tACC .

    $default  reduce using rule 20 (Body)


State 46

   21 Instruction: Instructions Instruction .

    $default  reduce using rule 21 (Instruction)


State 47

   33 Multideclaration: tVAR . tVIRGULE
   34                 | tVAR . tEQUAL tINTNR tVIRGULE
   35 Lastdeclaration: tVAR .
   36                | tVAR . tEQUAL tINTNR

    tEQUAL    shift, and go to state 68
    tVIRGULE  shift, and go to state 69

    $default  reduce using rule 35 (Lastdeclaration)


State 48

   30 Declaration: vartype Declarations . tFINSTR

    tFINSTR  shift, and go to state 70


State 49

   31 Declarations: Multideclaration . Declarations

    tVAR  shift, and go to state 47

    Declarations      go to state 71
    Multideclaration  go to state 49
    Lastdeclaration   go to state 50


State 50

   32 Declarations: Lastdeclaration .

    $default  reduce using rule 32 (Declarations)


State 51

   10 FuncBody: tACO . FuncInstr tACC

    tINT     shift, and go to state 1
    tCONST   shift, and go to state 2
    tIF      shift, and go to state 18
    tVAR     shift, and go to state 21
    tFOR     shift, and go to state 22
    tRETURN  shift, and go to state 72

    $default  reduce using rule 13 (FuncInstr)

    FuncInstr    go to state 73
    FuncInstrs   go to state 74
    RetVal       go to state 75
    Declaration  go to state 76
    vartype      go to state 26
    If           go to state 77
    For          go to state 78
    Calcul       go to state 79


State 52

    3 DeclFunction: vartype tVAR $@1 tPO Params tPC FuncBody . tFINSTR

    tFINSTR  shift, and go to state 80


State 53

    7 NextParam: tVIRGULE Param .

    $default  reduce using rule 7 (NextParam)


State 54

   43 If: tIF $@2 tPO . Condition tPC $@3 Body $@4 Else

    tPO     shift, and go to state 58
    tINTNR  shift, and go to state 59
    tVAR    shift, and go to state 60

    Condition   go to state 81
    Expression  go to state 82


State 55

   53 While: tWHILE $@5 tPO . Condition tPC $@6 Body

    tPO     shift, and go to state 58
    tINTNR  shift, and go to state 59
    tVAR    shift, and go to state 60

    Condition   go to state 83
    Expression  go to state 82


State 56

   39 Print: tPRINTF tPO tVAR . tPC tFINSTR

    tPC  shift, and go to state 84


State 57

   67 Calcul: tVAR tEQUAL tSUBTRACT . Expression tFINSTR

    tPO     shift, and go to state 58
    tINTNR  shift, and go to state 59
    tVAR    shift, and go to state 60

    Expression  go to state 85


State 58

   78 Expression: tPO . tSUBTRACT tINTNR tPC
   79           | tPO . Expression tPC

    tSUBTRACT  shift, and go to state 86
    tPO        shift, and go to state 58
    tINTNR     shift, and go to state 59
    tVAR       shift, and go to state 60

    Expression  go to state 87


State 59

   77 Expression: tINTNR .

    $default  reduce using rule 77 (Expression)


State 60

   76 Expression: tVAR .

    $default  reduce using rule 76 (Expression)


State 61

   66 Calcul: tVAR tEQUAL Expression . tFINSTR
   72 Expression: Expression . tADD Expression
   73           | Expression . tSUBTRACT Expression
   74           | Expression . tDIVIDE Expression
   75           | Expression . tMULTIPLY Expression

    tADD       shift, and go to state 88
    tSUBTRACT  shift, and go to state 89
    tDIVIDE    shift, and go to state 90
    tMULTIPLY  shift, and go to state 91
    tFINSTR    shift, and go to state 92


State 62

   68 Calcul: tVAR tPLUSPLUS tFINSTR .

    $default  reduce using rule 68 (Calcul)


State 63

   69 Calcul: tVAR tMINUSMINUS tFINSTR .

    $default  reduce using rule 69 (Calcul)


State 64

   70 Calcul: tVAR tMINUSEQUAL Expression . tFINSTR
   72 Expression: Expression . tADD Expression
   73           | Expression . tSUBTRACT Expression
   74           | Expression . tDIVIDE Expression
   75           | Expression . tMULTIPLY Expression

    tADD       shift, and go to state 88
    tSUBTRACT  shift, and go to state 89
    tDIVIDE    shift, and go to state 90
    tMULTIPLY  shift, and go to state 91
    tFINSTR    shift, and go to state 93


State 65

   71 Calcul: tVAR tPLUSEQUAL Expression . tFINSTR
   72 Expression: Expression . tADD Expression
   73           | Expression . tSUBTRACT Expression
   74           | Expression . tDIVIDE Expression
   75           | Expression . tMULTIPLY Expression

    tADD       shift, and go to state 88
    tSUBTRACT  shift, and go to state 89
    tDIVIDE    shift, and go to state 90
    tMULTIPLY  shift, and go to state 91
    tFINSTR    shift, and go to state 94


State 66

   58 For: tFOR tPO $@7 . DeclCalc $@8 Condition tFINSTR $@9 tVAR tPLUSPLUS tPC $@10 Body

    tINT    shift, and go to state 1
    tCONST  shift, and go to state 2
    tVAR    shift, and go to state 21

    Declaration  go to state 95
    vartype      go to state 26
    DeclCalc     go to state 96
    Calcul       go to state 97


State 67

   63 For: tFOR tPO $@11 . DeclCalc $@12 Condition tFINSTR $@13 tVAR tMINUSMINUS tPC $@14 Body

    tINT    shift, and go to state 1
    tCONST  shift, and go to state 2
    tVAR    shift, and go to state 21

    Declaration  go to state 95
    vartype      go to state 26
    DeclCalc     go to state 98
    Calcul       go to state 97


State 68

   34 Multideclaration: tVAR tEQUAL . tINTNR tVIRGULE
   36 Lastdeclaration: tVAR tEQUAL . tINTNR

    tINTNR  shift, and go to state 99


State 69

   33 Multideclaration: tVAR tVIRGULE .

    $default  reduce using rule 33 (Multideclaration)


State 70

   30 Declaration: vartype Declarations tFINSTR .

    $default  reduce using rule 30 (Declaration)


State 71

   31 Declarations: Multideclaration Declarations .

    $default  reduce using rule 31 (Declarations)


State 72

   19 RetVal: tRETURN . Expression tFINSTR

    tPO     shift, and go to state 58
    tINTNR  shift, and go to state 59
    tVAR    shift, and go to state 60

    Expression  go to state 100


State 73

   10 FuncBody: tACO FuncInstr . tACC

    tACC  shift, and go to state 101


State 74

   11 FuncInstr: FuncInstrs . FuncInstr
   12          | FuncInstrs .

    tINT     shift, and go to state 1
    tCONST   shift, and go to state 2
    tIF      shift, and go to state 18
    tVAR     shift, and go to state 21
    tFOR     shift, and go to state 22
    tRETURN  shift, and go to state 72

    tACC      reduce using rule 12 (FuncInstr)
    tACC      [reduce using rule 13 (FuncInstr)]
    $default  reduce using rule 12 (FuncInstr)

    FuncInstr    go to state 102
    FuncInstrs   go to state 74
    RetVal       go to state 75
    Declaration  go to state 76
    vartype      go to state 26
    If           go to state 77
    For          go to state 78
    Calcul       go to state 79


State 75

   18 FuncInstrs: RetVal .

    $default  reduce using rule 18 (FuncInstrs)


State 76

   16 FuncInstrs: Declaration .

    $default  reduce using rule 16 (FuncInstrs)


State 77

   17 FuncInstrs: If .

    $default  reduce using rule 17 (FuncInstrs)


State 78

   15 FuncInstrs: For .

    $default  reduce using rule 15 (FuncInstrs)


State 79

   14 FuncInstrs: Calcul .

    $default  reduce using rule 14 (FuncInstrs)


State 80

    3 DeclFunction: vartype tVAR $@1 tPO Params tPC FuncBody tFINSTR .

    $default  reduce using rule 3 (DeclFunction)


State 81

   43 If: tIF $@2 tPO Condition . tPC $@3 Body $@4 Else

    tPC  shift, and go to state 103


State 82

   46 Condition: Expression . tCHECKEQ Expression
   47          | Expression . tLESS Expression
   48          | Expression . tCHECKHIGHER Expression
   49          | Expression . tLESSEQUAL Expression
   50          | Expression . tMOREEQUAL Expression
   72 Expression: Expression . tADD Expression
   73           | Expression . tSUBTRACT Expression
   74           | Expression . tDIVIDE Expression
   75           | Expression . tMULTIPLY Expression

    tADD          shift, and go to state 88
    tSUBTRACT     shift, and go to state 89
    tDIVIDE       shift, and go to state 90
    tMULTIPLY     shift, and go to state 91
    tCHECKEQ      shift, and go to state 104
    tCHECKHIGHER  shift, and go to state 105
    tLESS         shift, and go to state 106
    tLESSEQUAL    shift, and go to state 107
    tMOREEQUAL    shift, and go to state 108


State 83

   53 While: tWHILE $@5 tPO Condition . tPC $@6 Body

    tPC  shift, and go to state 109


State 84

   39 Print: tPRINTF tPO tVAR tPC . tFINSTR

    tFINSTR  shift, and go to state 110


State 85

   67 Calcul: tVAR tEQUAL tSUBTRACT Expression . tFINSTR
   72 Expression: Expression . tADD Expression
   73           | Expression . tSUBTRACT Expression
   74           | Expression . tDIVIDE Expression
   75           | Expression . tMULTIPLY Expression

    tADD       shift, and go to state 88
    tSUBTRACT  shift, and go to state 89
    tDIVIDE    shift, and go to state 90
    tMULTIPLY  shift, and go to state 91
    tFINSTR    shift, and go to state 111


State 86

   78 Expression: tPO tSUBTRACT . tINTNR tPC

    tINTNR  shift, and go to state 112


State 87

   72 Expression: Expression . tADD Expression
   73           | Expression . tSUBTRACT Expression
   74           | Expression . tDIVIDE Expression
   75           | Expression . tMULTIPLY Expression
   79           | tPO Expression . tPC

    tADD       shift, and go to state 88
    tSUBTRACT  shift, and go to state 89
    tDIVIDE    shift, and go to state 90
    tMULTIPLY  shift, and go to state 91
    tPC        shift, and go to state 113


State 88

   72 Expression: Expression tADD . Expression

    tPO     shift, and go to state 58
    tINTNR  shift, and go to state 59
    tVAR    shift, and go to state 60

    Expression  go to state 114


State 89

   73 Expression: Expression tSUBTRACT . Expression

    tPO     shift, and go to state 58
    tINTNR  shift, and go to state 59
    tVAR    shift, and go to state 60

    Expression  go to state 115


State 90

   74 Expression: Expression tDIVIDE . Expression

    tPO     shift, and go to state 58
    tINTNR  shift, and go to state 59
    tVAR    shift, and go to state 60

    Expression  go to state 116


State 91

   75 Expression: Expression tMULTIPLY . Expression

    tPO     shift, and go to state 58
    tINTNR  shift, and go to state 59
    tVAR    shift, and go to state 60

    Expression  go to state 117


State 92

   66 Calcul: tVAR tEQUAL Expression tFINSTR .

    $default  reduce using rule 66 (Calcul)


State 93

   70 Calcul: tVAR tMINUSEQUAL Expression tFINSTR .

    $default  reduce using rule 70 (Calcul)


State 94

   71 Calcul: tVAR tPLUSEQUAL Expression tFINSTR .

    $default  reduce using rule 71 (Calcul)


State 95

   64 DeclCalc: Declaration .

    $default  reduce using rule 64 (DeclCalc)


State 96

   58 For: tFOR tPO $@7 DeclCalc . $@8 Condition tFINSTR $@9 tVAR tPLUSPLUS tPC $@10 Body

    $default  reduce using rule 55 ($@8)

    $@8  go to state 118


State 97

   65 DeclCalc: Calcul .

    $default  reduce using rule 65 (DeclCalc)


State 98

   63 For: tFOR tPO $@11 DeclCalc . $@12 Condition tFINSTR $@13 tVAR tMINUSMINUS tPC $@14 Body

    $default  reduce using rule 60 ($@12)

    $@12  go to state 119


State 99

   34 Multideclaration: tVAR tEQUAL tINTNR . tVIRGULE
   36 Lastdeclaration: tVAR tEQUAL tINTNR .

    tVIRGULE  shift, and go to state 120

    $default  reduce using rule 36 (Lastdeclaration)


State 100

   19 RetVal: tRETURN Expression . tFINSTR
   72 Expression: Expression . tADD Expression
   73           | Expression . tSUBTRACT Expression
   74           | Expression . tDIVIDE Expression
   75           | Expression . tMULTIPLY Expression

    tADD       shift, and go to state 88
    tSUBTRACT  shift, and go to state 89
    tDIVIDE    shift, and go to state 90
    tMULTIPLY  shift, and go to state 91
    tFINSTR    shift, and go to state 121


State 101

   10 FuncBody: tACO FuncInstr tACC .

    $default  reduce using rule 10 (FuncBody)


State 102

   11 FuncInstr: FuncInstrs FuncInstr .

    $default  reduce using rule 11 (FuncInstr)


State 103

   43 If: tIF $@2 tPO Condition tPC . $@3 Body $@4 Else

    $default  reduce using rule 41 ($@3)

    $@3  go to state 122


State 104

   46 Condition: Expression tCHECKEQ . Expression

    tPO     shift, and go to state 58
    tINTNR  shift, and go to state 59
    tVAR    shift, and go to state 60

    Expression  go to state 123


State 105

   48 Condition: Expression tCHECKHIGHER . Expression

    tPO     shift, and go to state 58
    tINTNR  shift, and go to state 59
    tVAR    shift, and go to state 60

    Expression  go to state 124


State 106

   47 Condition: Expression tLESS . Expression

    tPO     shift, and go to state 58
    tINTNR  shift, and go to state 59
    tVAR    shift, and go to state 60

    Expression  go to state 125


State 107

   49 Condition: Expression tLESSEQUAL . Expression

    tPO     shift, and go to state 58
    tINTNR  shift, and go to state 59
    tVAR    shift, and go to state 60

    Expression  go to state 126


State 108

   50 Condition: Expression tMOREEQUAL . Expression

    tPO     shift, and go to state 58
    tINTNR  shift, and go to state 59
    tVAR    shift, and go to state 60

    Expression  go to state 127


State 109

   53 While: tWHILE $@5 tPO Condition tPC . $@6 Body

    $default  reduce using rule 52 ($@6)

    $@6  go to state 128


State 110

   39 Print: tPRINTF tPO tVAR tPC tFINSTR .

    $default  reduce using rule 39 (Print)


State 111

   67 Calcul: tVAR tEQUAL tSUBTRACT Expression tFINSTR .

    $default  reduce using rule 67 (Calcul)


State 112

   78 Expression: tPO tSUBTRACT tINTNR . tPC

    tPC  shift, and go to state 129


State 113

   79 Expression: tPO Expression tPC .

    $default  reduce using rule 79 (Expression)


State 114

   72 Expression: Expression . tADD Expression
   72           | Expression tADD Expression .
   73           | Expression . tSUBTRACT Expression
   74           | Expression . tDIVIDE Expression
   75           | Expression . tMULTIPLY Expression

    tDIVIDE    shift, and go to state 90
    tMULTIPLY  shift, and go to state 91

    $default  reduce using rule 72 (Expression)


State 115

   72 Expression: Expression . tADD Expression
   73           | Expression . tSUBTRACT Expression
   73           | Expression tSUBTRACT Expression .
   74           | Expression . tDIVIDE Expression
   75           | Expression . tMULTIPLY Expression

    tDIVIDE    shift, and go to state 90
    tMULTIPLY  shift, and go to state 91

    $default  reduce using rule 73 (Expression)


State 116

   72 Expression: Expression . tADD Expression
   73           | Expression . tSUBTRACT Expression
   74           | Expression . tDIVIDE Expression
   74           | Expression tDIVIDE Expression .
   75           | Expression . tMULTIPLY Expression

    $default  reduce using rule 74 (Expression)


State 117

   72 Expression: Expression . tADD Expression
   73           | Expression . tSUBTRACT Expression
   74           | Expression . tDIVIDE Expression
   75           | Expression . tMULTIPLY Expression
   75           | Expression tMULTIPLY Expression .

    $default  reduce using rule 75 (Expression)


State 118

   58 For: tFOR tPO $@7 DeclCalc $@8 . Condition tFINSTR $@9 tVAR tPLUSPLUS tPC $@10 Body

    tPO     shift, and go to state 58
    tINTNR  shift, and go to state 59
    tVAR    shift, and go to state 60

    Condition   go to state 130
    Expression  go to state 82


State 119

   63 For: tFOR tPO $@11 DeclCalc $@12 . Condition tFINSTR $@13 tVAR tMINUSMINUS tPC $@14 Body

    tPO     shift, and go to state 58
    tINTNR  shift, and go to state 59
    tVAR    shift, and go to state 60

    Condition   go to state 131
    Expression  go to state 82


State 120

   34 Multideclaration: tVAR tEQUAL tINTNR tVIRGULE .

    $default  reduce using rule 34 (Multideclaration)


State 121

   19 RetVal: tRETURN Expression tFINSTR .

    $default  reduce using rule 19 (RetVal)


State 122

   43 If: tIF $@2 tPO Condition tPC $@3 . Body $@4 Else

    tACO  shift, and go to state 13

    Body  go to state 132


State 123

   46 Condition: Expression tCHECKEQ Expression .
   72 Expression: Expression . tADD Expression
   73           | Expression . tSUBTRACT Expression
   74           | Expression . tDIVIDE Expression
   75           | Expression . tMULTIPLY Expression

    tADD       shift, and go to state 88
    tSUBTRACT  shift, and go to state 89
    tDIVIDE    shift, and go to state 90
    tMULTIPLY  shift, and go to state 91

    $default  reduce using rule 46 (Condition)


State 124

   48 Condition: Expression tCHECKHIGHER Expression .
   72 Expression: Expression . tADD Expression
   73           | Expression . tSUBTRACT Expression
   74           | Expression . tDIVIDE Expression
   75           | Expression . tMULTIPLY Expression

    tADD       shift, and go to state 88
    tSUBTRACT  shift, and go to state 89
    tDIVIDE    shift, and go to state 90
    tMULTIPLY  shift, and go to state 91

    $default  reduce using rule 48 (Condition)


State 125

   47 Condition: Expression tLESS Expression .
   72 Expression: Expression . tADD Expression
   73           | Expression . tSUBTRACT Expression
   74           | Expression . tDIVIDE Expression
   75           | Expression . tMULTIPLY Expression

    tADD       shift, and go to state 88
    tSUBTRACT  shift, and go to state 89
    tDIVIDE    shift, and go to state 90
    tMULTIPLY  shift, and go to state 91

    $default  reduce using rule 47 (Condition)


State 126

   49 Condition: Expression tLESSEQUAL Expression .
   72 Expression: Expression . tADD Expression
   73           | Expression . tSUBTRACT Expression
   74           | Expression . tDIVIDE Expression
   75           | Expression . tMULTIPLY Expression

    tADD       shift, and go to state 88
    tSUBTRACT  shift, and go to state 89
    tDIVIDE    shift, and go to state 90
    tMULTIPLY  shift, and go to state 91

    $default  reduce using rule 49 (Condition)


State 127

   50 Condition: Expression tMOREEQUAL Expression .
   72 Expression: Expression . tADD Expression
   73           | Expression . tSUBTRACT Expression
   74           | Expression . tDIVIDE Expression
   75           | Expression . tMULTIPLY Expression

    tADD       shift, and go to state 88
    tSUBTRACT  shift, and go to state 89
    tDIVIDE    shift, and go to state 90
    tMULTIPLY  shift, and go to state 91

    $default  reduce using rule 50 (Condition)


State 128

   53 While: tWHILE $@5 tPO Condition tPC $@6 . Body

    tACO  shift, and go to state 13

    Body  go to state 133


State 129

   78 Expression: tPO tSUBTRACT tINTNR tPC .

    $default  reduce using rule 78 (Expression)


State 130

   58 For: tFOR tPO $@7 DeclCalc $@8 Condition . tFINSTR $@9 tVAR tPLUSPLUS tPC $@10 Body

    tFINSTR  shift, and go to state 134


State 131

   63 For: tFOR tPO $@11 DeclCalc $@12 Condition . tFINSTR $@13 tVAR tMINUSMINUS tPC $@14 Body

    tFINSTR  shift, and go to state 135


State 132

   43 If: tIF $@2 tPO Condition tPC $@3 Body . $@4 Else

    $default  reduce using rule 42 ($@4)

    $@4  go to state 136


State 133

   53 While: tWHILE $@5 tPO Condition tPC $@6 Body .

    $default  reduce using rule 53 (While)


State 134

   58 For: tFOR tPO $@7 DeclCalc $@8 Condition tFINSTR . $@9 tVAR tPLUSPLUS tPC $@10 Body

    $default  reduce using rule 56 ($@9)

    $@9  go to state 137


State 135

   63 For: tFOR tPO $@11 DeclCalc $@12 Condition tFINSTR . $@13 tVAR tMINUSMINUS tPC $@14 Body

    $default  reduce using rule 61 ($@13)

    $@13  go to state 138


State 136

   43 If: tIF $@2 tPO Condition tPC $@3 Body $@4 . Else

    tELSE  shift, and go to state 139

    $default  reduce using rule 45 (Else)

    Else  go to state 140


State 137

   58 For: tFOR tPO $@7 DeclCalc $@8 Condition tFINSTR $@9 . tVAR tPLUSPLUS tPC $@10 Body

    tVAR  shift, and go to state 141


State 138

   63 For: tFOR tPO $@11 DeclCalc $@12 Condition tFINSTR $@13 . tVAR tMINUSMINUS tPC $@14 Body

    tVAR  shift, and go to state 142


State 139

   44 Else: tELSE . Body

    tACO  shift, and go to state 13

    Body  go to state 143


State 140

   43 If: tIF $@2 tPO Condition tPC $@3 Body $@4 Else .

    $default  reduce using rule 43 (If)


State 141

   58 For: tFOR tPO $@7 DeclCalc $@8 Condition tFINSTR $@9 tVAR . tPLUSPLUS tPC $@10 Body

    tPLUSPLUS  shift, and go to state 144


State 142

   63 For: tFOR tPO $@11 DeclCalc $@12 Condition tFINSTR $@13 tVAR . tMINUSMINUS tPC $@14 Body

    tMINUSMINUS  shift, and go to state 145


State 143

   44 Else: tELSE Body .

    $default  reduce using rule 44 (Else)


State 144

   58 For: tFOR tPO $@7 DeclCalc $@8 Condition tFINSTR $@9 tVAR tPLUSPLUS . tPC $@10 Body

    tPC  shift, and go to state 146


State 145

   63 For: tFOR tPO $@11 DeclCalc $@12 Condition tFINSTR $@13 tVAR tMINUSMINUS . tPC $@14 Body

    tPC  shift, and go to state 147


State 146

   58 For: tFOR tPO $@7 DeclCalc $@8 Condition tFINSTR $@9 tVAR tPLUSPLUS tPC . $@10 Body

    $default  reduce using rule 57 ($@10)

    $@10  go to state 148


State 147

   63 For: tFOR tPO $@11 DeclCalc $@12 Condition tFINSTR $@13 tVAR tMINUSMINUS tPC . $@14 Body

    $default  reduce using rule 62 ($@14)

    $@14  go to state 149


State 148

   58 For: tFOR tPO $@7 DeclCalc $@8 Condition tFINSTR $@9 tVAR tPLUSPLUS tPC $@10 . Body

    tACO  shift, and go to state 13

    Body  go to state 150


State 149

   63 For: tFOR tPO $@11 DeclCalc $@12 Condition tFINSTR $@13 tVAR tMINUSMINUS tPC $@14 . Body

    tACO  shift, and go to state 13

    Body  go to state 151


State 150

   58 For: tFOR tPO $@7 DeclCalc $@8 Condition tFINSTR $@9 tVAR tPLUSPLUS tPC $@10 Body .

    $default  reduce using rule 58 (For)


State 151

   63 For: tFOR tPO $@11 DeclCalc $@12 Condition tFINSTR $@13 tVAR tMINUSMINUS tPC $@14 Body .

    $default  reduce using rule 63 (For)
